<?xml version="1.0" encoding="UTF-8"?>
<!-- Generated by org.testng.reporters.JUnitXMLReporter -->
<testsuite ignored="0" hostname="AnuBabi" failures="3" tests="3" name="Default test" time="11.758" errors="0" timestamp="2024-09-18T17:07:56 IST">
  <testcase classname="io.cucumber.testng.AbstractTestNGCucumberTests" name="runScenario" time="4.691">
    <failure type="java.lang.NullPointerException" message="Cannot invoke &amp;quot;org.openqa.selenium.SearchContext.findElement(org.openqa.selenium.By)&amp;quot; because &amp;quot;this.searchContext&amp;quot; is null">
      <![CDATA[java.lang.NullPointerException: Cannot invoke "org.openqa.selenium.SearchContext.findElement(org.openqa.selenium.By)" because "this.searchContext" is null
at org.openqa.selenium.support.pagefactory.DefaultElementLocator.findElement(DefaultElementLocator.java:68)
at org.openqa.selenium.support.pagefactory.internal.LocatingElementHandler.invoke(LocatingElementHandler.java:38)
at jdk.proxy2/jdk.proxy2.$Proxy24.sendKeys(Unknown Source)
at pages.loginPage.usename(loginPage.java:23)
at StepDefination.Login.user_enter_the_valid_username(Login.java:29)
at ✽.user enter the valid username "standard_user"(file:///C:/Users/bashasulthan/eclipse-workspace/saucedemo/src/test/resources/features/login.feature:9)
]]>
    </failure>
  </testcase> <!-- runScenario -->
  <testcase classname="io.cucumber.testng.AbstractTestNGCucumberTests" name="runScenario" time="3.534">
    <failure type="java.lang.NullPointerException" message="Cannot invoke &amp;quot;pages.loginPage.usename(String)&amp;quot; because &amp;quot;this.p&amp;quot; is null">
      <![CDATA[java.lang.NullPointerException: Cannot invoke "pages.loginPage.usename(String)" because "this.p" is null
at StepDefination.Login.user_enter_the_invalid_username(Login.java:58)
at ✽.User enter the invalid username "standard_user"(file:///C:/Users/bashasulthan/eclipse-workspace/saucedemo/src/test/resources/features/login.feature:16)
]]>
    </failure>
  </testcase> <!-- runScenario -->
  <testcase classname="io.cucumber.testng.AbstractTestNGCucumberTests" name="runScenario" time="3.083">
    <failure type="java.lang.NullPointerException" message="Cannot invoke &amp;quot;pages.loginPage.usename(String)&amp;quot; because &amp;quot;this.p&amp;quot; is null">
      <![CDATA[java.lang.NullPointerException: Cannot invoke "pages.loginPage.usename(String)" because "this.p" is null
at StepDefination.Login.user_enter_the_incorrect_username(Login.java:86)
at ✽.User enter the incorrect username "fxdgdg"(file:///C:/Users/bashasulthan/eclipse-workspace/saucedemo/src/test/resources/features/login.feature:23)
]]>
    </failure>
  </testcase> <!-- runScenario -->
</testsuite> <!-- Default test -->
