<?xml version="1.0" encoding="UTF-8"?>
<!-- Generated by org.testng.reporters.JUnitReportReporter -->
<testsuite hostname="AnuBabi" failures="0" tests="3" name="Runner.myrunner" time="11.308" errors="3" timestamp="2024-09-18T17:07:56 IST" skipped="0">
  <testcase classname="Runner.myrunner" name="runScenario" time="3.534">
    <error message="Cannot invoke &quot;pages.loginPage.usename(String)&quot; because &quot;this.p&quot; is null" type="java.lang.NullPointerException">
      <![CDATA[java.lang.NullPointerException: Cannot invoke "pages.loginPage.usename(String)" because "this.p" is null
at StepDefination.Login.user_enter_the_invalid_username(Login.java:58)
at ✽.User enter the invalid username "standard_user"(file:///C:/Users/bashasulthan/eclipse-workspace/saucedemo/src/test/resources/features/login.feature:16)
]]>
    </error>
  </testcase> <!-- runScenario -->
  <system-out/>
  <testcase classname="Runner.myrunner" name="runScenario" time="3.083">
    <error message="Cannot invoke &quot;pages.loginPage.usename(String)&quot; because &quot;this.p&quot; is null" type="java.lang.NullPointerException">
      <![CDATA[java.lang.NullPointerException: Cannot invoke "pages.loginPage.usename(String)" because "this.p" is null
at StepDefination.Login.user_enter_the_incorrect_username(Login.java:86)
at ✽.User enter the incorrect username "fxdgdg"(file:///C:/Users/bashasulthan/eclipse-workspace/saucedemo/src/test/resources/features/login.feature:23)
]]>
    </error>
  </testcase> <!-- runScenario -->
  <system-out/>
  <testcase classname="Runner.myrunner" name="runScenario" time="4.691">
    <error message="Cannot invoke &quot;org.openqa.selenium.SearchContext.findElement(org.openqa.selenium.By)&quot; because &quot;this.searchContext&quot; is null" type="java.lang.NullPointerException">
      <![CDATA[java.lang.NullPointerException: Cannot invoke "org.openqa.selenium.SearchContext.findElement(org.openqa.selenium.By)" because "this.searchContext" is null
at org.openqa.selenium.support.pagefactory.DefaultElementLocator.findElement(DefaultElementLocator.java:68)
at org.openqa.selenium.support.pagefactory.internal.LocatingElementHandler.invoke(LocatingElementHandler.java:38)
at jdk.proxy2/jdk.proxy2.$Proxy24.sendKeys(Unknown Source)
at pages.loginPage.usename(loginPage.java:23)
at StepDefination.Login.user_enter_the_valid_username(Login.java:29)
at ✽.user enter the valid username "standard_user"(file:///C:/Users/bashasulthan/eclipse-workspace/saucedemo/src/test/resources/features/login.feature:9)
]]>
    </error>
  </testcase> <!-- runScenario -->
  <system-out/>
</testsuite> <!-- Runner.myrunner -->
