<?xml version="1.0" encoding="UTF-8"?>
<testng-results ignored="0" total="3" passed="0" failed="3" skipped="0">
  <reporter-output>
  </reporter-output>
  <suite started-at="2024-09-18T17:07:44 IST" name="Default suite" finished-at="2024-09-18T17:07:56 IST" duration-ms="11758">
    <groups>
      <group name="cucumber">
        <method signature="AbstractTestNGCucumberTests.runScenario(io.cucumber.testng.PickleWrapper,io.cucumber.testng.FeatureWrapper)[pri:0, instance:Runner.myrunner@3de8f619]" name="runScenario" class="io.cucumber.testng.AbstractTestNGCucumberTests"/>
      </group> <!-- cucumber -->
    </groups>
    <test started-at="2024-09-18T17:07:44 IST" name="Default test" finished-at="2024-09-18T17:07:56 IST" duration-ms="11758">
      <class name="Runner.myrunner">
        <test-method is-config="true" signature="setUpClass(org.testng.ITestContext)[pri:0, instance:Runner.myrunner@3de8f619]" started-at="2024-09-18T17:07:44 IST" name="setUpClass" finished-at="2024-09-18T17:07:44 IST" duration-ms="372" status="PASS">
          <params>
            <param index="0">
              <value>
                <![CDATA[org.testng.TestRunner@4f4c789f]]>
              </value>
            </param>
          </params>
          <reporter-output>
          </reporter-output>
        </test-method> <!-- setUpClass -->
        <test-method signature="runScenario(io.cucumber.testng.PickleWrapper,io.cucumber.testng.FeatureWrapper)[pri:0, instance:Runner.myrunner@3de8f619]" started-at="2024-09-18T17:07:44 IST" name="runScenario" description="Runs Cucumber Scenarios" data-provider="scenarios" finished-at="2024-09-18T17:07:49 IST" duration-ms="4691" status="FAIL">
          <params>
            <param index="0">
              <value>
                <![CDATA["User enters the correct email and password"]]>
              </value>
            </param>
            <param index="1">
              <value>
                <![CDATA["User login into the saucedemo"]]>
              </value>
            </param>
          </params>
          <exception class="java.lang.NullPointerException">
            <message>
              <![CDATA[Cannot invoke "org.openqa.selenium.SearchContext.findElement(org.openqa.selenium.By)" because "this.searchContext" is null]]>
            </message>
            <full-stacktrace>
              <![CDATA[java.lang.NullPointerException: Cannot invoke "org.openqa.selenium.SearchContext.findElement(org.openqa.selenium.By)" because "this.searchContext" is null
at org.openqa.selenium.support.pagefactory.DefaultElementLocator.findElement(DefaultElementLocator.java:68)
at org.openqa.selenium.support.pagefactory.internal.LocatingElementHandler.invoke(LocatingElementHandler.java:38)
at jdk.proxy2/jdk.proxy2.$Proxy24.sendKeys(Unknown Source)
at pages.loginPage.usename(loginPage.java:23)
at StepDefination.Login.user_enter_the_valid_username(Login.java:29)
at ✽.user enter the valid username "standard_user"(file:///C:/Users/bashasulthan/eclipse-workspace/saucedemo/src/test/resources/features/login.feature:9)
]]>
            </full-stacktrace>
          </exception> <!-- java.lang.NullPointerException -->
          <reporter-output>
          </reporter-output>
        </test-method> <!-- runScenario -->
        <test-method signature="runScenario(io.cucumber.testng.PickleWrapper,io.cucumber.testng.FeatureWrapper)[pri:0, instance:Runner.myrunner@3de8f619]" started-at="2024-09-18T17:07:49 IST" name="runScenario" description="Runs Cucumber Scenarios" data-provider="scenarios" finished-at="2024-09-18T17:07:53 IST" duration-ms="3534" status="FAIL">
          <params>
            <param index="0">
              <value>
                <![CDATA["user enters correct mail and incorrect passowrd"]]>
              </value>
            </param>
            <param index="1">
              <value>
                <![CDATA["User login into the saucedemo"]]>
              </value>
            </param>
          </params>
          <exception class="java.lang.NullPointerException">
            <message>
              <![CDATA[Cannot invoke "pages.loginPage.usename(String)" because "this.p" is null]]>
            </message>
            <full-stacktrace>
              <![CDATA[java.lang.NullPointerException: Cannot invoke "pages.loginPage.usename(String)" because "this.p" is null
at StepDefination.Login.user_enter_the_invalid_username(Login.java:58)
at ✽.User enter the invalid username "standard_user"(file:///C:/Users/bashasulthan/eclipse-workspace/saucedemo/src/test/resources/features/login.feature:16)
]]>
            </full-stacktrace>
          </exception> <!-- java.lang.NullPointerException -->
          <reporter-output>
          </reporter-output>
        </test-method> <!-- runScenario -->
        <test-method signature="runScenario(io.cucumber.testng.PickleWrapper,io.cucumber.testng.FeatureWrapper)[pri:0, instance:Runner.myrunner@3de8f619]" started-at="2024-09-18T17:07:53 IST" name="runScenario" description="Runs Cucumber Scenarios" data-provider="scenarios" finished-at="2024-09-18T17:07:56 IST" duration-ms="3083" status="FAIL">
          <params>
            <param index="0">
              <value>
                <![CDATA["User enters the incorrect mail and correct password"]]>
              </value>
            </param>
            <param index="1">
              <value>
                <![CDATA["User login into the saucedemo"]]>
              </value>
            </param>
          </params>
          <exception class="java.lang.NullPointerException">
            <message>
              <![CDATA[Cannot invoke "pages.loginPage.usename(String)" because "this.p" is null]]>
            </message>
            <full-stacktrace>
              <![CDATA[java.lang.NullPointerException: Cannot invoke "pages.loginPage.usename(String)" because "this.p" is null
at StepDefination.Login.user_enter_the_incorrect_username(Login.java:86)
at ✽.User enter the incorrect username "fxdgdg"(file:///C:/Users/bashasulthan/eclipse-workspace/saucedemo/src/test/resources/features/login.feature:23)
]]>
            </full-stacktrace>
          </exception> <!-- java.lang.NullPointerException -->
          <reporter-output>
          </reporter-output>
        </test-method> <!-- runScenario -->
        <test-method is-config="true" signature="tearDownClass()[pri:0, instance:Runner.myrunner@3de8f619]" started-at="2024-09-18T17:07:56 IST" name="tearDownClass" finished-at="2024-09-18T17:07:56 IST" duration-ms="5" status="PASS">
          <reporter-output>
          </reporter-output>
        </test-method> <!-- tearDownClass -->
      </class> <!-- Runner.myrunner -->
    </test> <!-- Default test -->
  </suite> <!-- Default suite -->
</testng-results>
